2020-08-01 17:39:40,833:INFO:PyCaret Regression Module
2020-08-01 17:39:40,833:INFO:version 2.0
2020-08-01 17:39:40,833:INFO:Initializing setup()
2020-08-01 17:39:40,833:INFO:USI: 5733
2020-08-01 17:39:40,833:INFO:setup(data=(10000, 8), target=Efficiency in %, train_size=0.7, sampling=True, sample_estimator=None, categorical_features=None, categorical_imputation=constant, ordinal_features=None,
                    high_cardinality_features=None, high_cardinality_method=frequency, numeric_features=None, numeric_imputation=mean, date_features=None, ignore_features=None, normalize=False,
                    normalize_method=zscore, transformation=False, transformation_method=yeo-johnson, handle_unknown_categorical=True, unknown_categorical_method=least_frequent, pca=False, pca_method=linear,
                    pca_components=None, ignore_low_variance=False, combine_rare_levels=False, rare_level_threshold=0.1, bin_numeric_features=None, remove_outliers=False, outliers_threshold=0.05,
                    remove_multicollinearity=False, multicollinearity_threshold=0.9, remove_perfect_collinearity=False, create_clusters=False, cluster_iter=20,
                    polynomial_features=False, polynomial_degree=2, trigonometry_features=False, polynomial_threshold=0.1, group_features=None,
                    group_names=None, feature_selection=False, feature_selection_threshold=0.8, feature_interaction=False, feature_ratio=False, interaction_threshold=0.01, transform_target=False,
                    transform_target_method=box-cox, data_split_shuffle=True, folds_shuffle=False, n_jobs=-1, html=True, session_id=None, log_experiment=False,
                    experiment_name=None, log_plots=False, log_profile=False, log_data=False, silent=False, verbose=True, profile=False)
2020-08-01 17:39:42,778:INFO:Checking environment
2020-08-01 17:39:42,778:INFO:python_version: 3.8.3
2020-08-01 17:39:42,778:INFO:python_build: ('default', 'Jul  2 2020 17:30:36')
2020-08-01 17:39:42,778:INFO:machine: AMD64
2020-08-01 17:39:42,778:INFO:platform: Windows-10-10.0.18362-SP0
2020-08-01 17:39:42,779:WARNING:cannot find psutil installation. memory not traceable. Install psutil using pip to enable memory logging. 
2020-08-01 17:39:42,779:INFO:Checking libraries
2020-08-01 17:39:42,779:INFO:pd==1.0.5
2020-08-01 17:39:42,779:INFO:numpy==1.19.1
2020-08-01 17:39:44,080:INFO:sklearn==0.23.1
2020-08-01 17:39:44,325:INFO:xgboost==0.90
2020-08-01 17:39:44,359:INFO:lightgbm==2.3.1
2020-08-01 17:39:44,674:INFO:catboost==0.20.2
2020-08-01 17:39:45,760:INFO:mlflow==1.10.0
2020-08-01 17:39:45,761:INFO:Checking Exceptions
2020-08-01 17:39:45,761:INFO:Preloading libraries
2020-08-01 17:39:45,761:INFO:Preparing display monitor
2020-08-01 17:39:45,772:INFO:Importing libraries
2020-08-01 17:39:46,783:INFO:Copying data for preprocessing
2020-08-01 17:39:46,783:INFO:Declaring global variables
2020-08-01 17:39:46,787:INFO:Declaring preprocessing parameters
2020-08-01 17:39:46,787:INFO:Importing preprocessing module
2020-08-01 17:39:48,024:INFO:Creating preprocessing pipeline
2020-08-01 17:41:31,470:INFO:Preprocessing pipeline created successfully
2020-08-01 17:41:31,470:INFO:No inverse transformer found
2020-08-01 17:41:31,470:INFO:Creating grid variables
2020-08-01 17:41:31,472:INFO:Creating global containers
2020-08-01 17:41:31,566:INFO:create_model_container: 0
2020-08-01 17:41:31,566:INFO:master_model_container: 0
2020-08-01 17:41:31,566:INFO:display_container: 0
2020-08-01 17:41:31,566:INFO:setup() succesfully completed......................................
2020-08-01 17:42:11,540:INFO:Initializing compare_models()
2020-08-01 17:42:11,540:INFO:compare_models(blacklist=None, whitelist=None, fold=10, round=4, sort=R2, n_select=1, turbo=True, verbose=True)
2020-08-01 17:42:11,540:INFO:Checking exceptions
2020-08-01 17:42:11,540:INFO:Preloading libraries
2020-08-01 17:42:11,541:INFO:Preparing display monitor
2020-08-01 17:42:11,558:INFO:Copying training dataset
2020-08-01 17:42:11,560:INFO:Importing libraries
2020-08-01 17:42:11,570:INFO:Importing untrained models
2020-08-01 17:42:11,572:INFO:Import successful
2020-08-01 17:42:11,576:INFO:Defining folds
2020-08-01 17:42:11,576:INFO:Declaring metric variables
2020-08-01 17:42:11,576:INFO:Initializing Linear Regression
2020-08-01 17:42:11,581:INFO:Initializing Fold 1
2020-08-01 17:42:11,590:INFO:Fitting Model
2020-08-01 17:42:11,705:INFO:Evaluating Metrics
2020-08-01 17:42:13,597:INFO:No inverse transformer found
2020-08-01 17:42:13,597:INFO:Compiling Metrics
2020-08-01 17:42:13,625:INFO:Initializing Fold 2
2020-08-01 17:42:13,631:INFO:Fitting Model
2020-08-01 17:42:13,636:INFO:Evaluating Metrics
2020-08-01 17:42:13,638:INFO:No inverse transformer found
2020-08-01 17:42:13,638:INFO:Compiling Metrics
2020-08-01 17:42:13,646:INFO:Initializing Fold 3
2020-08-01 17:42:13,653:INFO:Fitting Model
2020-08-01 17:42:13,661:INFO:Evaluating Metrics
2020-08-01 17:42:13,664:INFO:No inverse transformer found
2020-08-01 17:42:13,664:INFO:Compiling Metrics
2020-08-01 17:42:13,674:INFO:Initializing Fold 4
2020-08-01 17:42:13,681:INFO:Fitting Model
2020-08-01 17:42:13,686:INFO:Evaluating Metrics
2020-08-01 17:42:13,688:INFO:No inverse transformer found
2020-08-01 17:42:13,688:INFO:Compiling Metrics
2020-08-01 17:42:13,695:INFO:Initializing Fold 5
2020-08-01 17:42:13,701:INFO:Fitting Model
2020-08-01 17:42:13,706:INFO:Evaluating Metrics
2020-08-01 17:42:13,707:INFO:No inverse transformer found
2020-08-01 17:42:13,708:INFO:Compiling Metrics
2020-08-01 17:42:13,714:INFO:Initializing Fold 6
2020-08-01 17:42:13,721:INFO:Fitting Model
2020-08-01 17:42:13,726:INFO:Evaluating Metrics
2020-08-01 17:42:13,727:INFO:No inverse transformer found
2020-08-01 17:42:13,727:INFO:Compiling Metrics
2020-08-01 17:42:13,734:INFO:Initializing Fold 7
2020-08-01 17:42:13,740:INFO:Fitting Model
2020-08-01 17:42:13,745:INFO:Evaluating Metrics
2020-08-01 17:42:13,747:INFO:No inverse transformer found
2020-08-01 17:42:13,747:INFO:Compiling Metrics
2020-08-01 17:42:13,754:INFO:Initializing Fold 8
2020-08-01 17:42:13,761:INFO:Fitting Model
2020-08-01 17:42:13,765:INFO:Evaluating Metrics
2020-08-01 17:42:13,767:INFO:No inverse transformer found
2020-08-01 17:42:13,767:INFO:Compiling Metrics
2020-08-01 17:42:13,774:INFO:Initializing Fold 9
2020-08-01 17:42:13,780:INFO:Fitting Model
2020-08-01 17:42:13,786:INFO:Evaluating Metrics
2020-08-01 17:42:13,787:INFO:No inverse transformer found
2020-08-01 17:42:13,787:INFO:Compiling Metrics
2020-08-01 17:42:13,794:INFO:Initializing Fold 10
2020-08-01 17:42:13,800:INFO:Fitting Model
2020-08-01 17:42:13,805:INFO:Evaluating Metrics
2020-08-01 17:42:13,807:INFO:No inverse transformer found
2020-08-01 17:42:13,807:INFO:Compiling Metrics
2020-08-01 17:42:13,814:INFO:Calculating mean and std
2020-08-01 17:42:13,814:INFO:Creating metrics dataframe
2020-08-01 17:42:13,823:INFO:Initializing Lasso Regression
2020-08-01 17:42:13,828:INFO:Initializing Fold 1
2020-08-01 17:42:13,835:INFO:Fitting Model
2020-08-01 17:42:13,852:INFO:Evaluating Metrics
2020-08-01 17:42:13,854:INFO:No inverse transformer found
2020-08-01 17:42:13,854:INFO:Compiling Metrics
2020-08-01 17:42:13,861:INFO:Initializing Fold 2
2020-08-01 17:42:13,867:INFO:Fitting Model
2020-08-01 17:42:13,871:INFO:Evaluating Metrics
2020-08-01 17:42:13,873:INFO:No inverse transformer found
2020-08-01 17:42:13,873:INFO:Compiling Metrics
2020-08-01 17:42:13,880:INFO:Initializing Fold 3
2020-08-01 17:42:13,886:INFO:Fitting Model
2020-08-01 17:42:13,891:INFO:Evaluating Metrics
2020-08-01 17:42:13,893:INFO:No inverse transformer found
2020-08-01 17:42:13,893:INFO:Compiling Metrics
2020-08-01 17:42:13,900:INFO:Initializing Fold 4
2020-08-01 17:42:13,906:INFO:Fitting Model
2020-08-01 17:42:13,912:INFO:Evaluating Metrics
2020-08-01 17:42:13,915:INFO:No inverse transformer found
2020-08-01 17:42:13,915:INFO:Compiling Metrics
2020-08-01 17:42:13,922:INFO:Initializing Fold 5
2020-08-01 17:42:13,930:INFO:Fitting Model
2020-08-01 17:42:13,935:INFO:Evaluating Metrics
2020-08-01 17:42:13,936:INFO:No inverse transformer found
2020-08-01 17:42:13,936:INFO:Compiling Metrics
2020-08-01 17:42:13,943:INFO:Initializing Fold 6
2020-08-01 17:42:13,949:INFO:Fitting Model
2020-08-01 17:42:13,954:INFO:Evaluating Metrics
2020-08-01 17:42:13,956:INFO:No inverse transformer found
2020-08-01 17:42:13,956:INFO:Compiling Metrics
2020-08-01 17:42:13,962:INFO:Initializing Fold 7
2020-08-01 17:42:13,969:INFO:Fitting Model
2020-08-01 17:42:13,975:INFO:Evaluating Metrics
2020-08-01 17:42:13,977:INFO:No inverse transformer found
2020-08-01 17:42:13,977:INFO:Compiling Metrics
2020-08-01 17:42:13,983:INFO:Initializing Fold 8
2020-08-01 17:42:13,989:INFO:Fitting Model
2020-08-01 17:42:13,996:INFO:Evaluating Metrics
2020-08-01 17:42:13,997:INFO:No inverse transformer found
2020-08-01 17:42:13,997:INFO:Compiling Metrics
2020-08-01 17:42:14,004:INFO:Initializing Fold 9
2020-08-01 17:42:14,010:INFO:Fitting Model
2020-08-01 17:42:14,016:INFO:Evaluating Metrics
2020-08-01 17:42:14,017:INFO:No inverse transformer found
2020-08-01 17:42:14,017:INFO:Compiling Metrics
2020-08-01 17:42:14,024:INFO:Initializing Fold 10
2020-08-01 17:42:14,030:INFO:Fitting Model
2020-08-01 17:42:14,035:INFO:Evaluating Metrics
2020-08-01 17:42:14,037:INFO:No inverse transformer found
2020-08-01 17:42:14,037:INFO:Compiling Metrics
2020-08-01 17:42:14,043:INFO:Calculating mean and std
2020-08-01 17:42:14,043:INFO:Creating metrics dataframe
2020-08-01 17:42:14,054:INFO:Initializing Ridge Regression
2020-08-01 17:42:14,060:INFO:Initializing Fold 1
2020-08-01 17:42:14,066:INFO:Fitting Model
2020-08-01 17:42:14,084:INFO:Evaluating Metrics
2020-08-01 17:42:14,086:INFO:No inverse transformer found
2020-08-01 17:42:14,086:INFO:Compiling Metrics
2020-08-01 17:42:14,092:INFO:Initializing Fold 2
2020-08-01 17:42:14,101:INFO:Fitting Model
2020-08-01 17:42:14,105:INFO:Evaluating Metrics
2020-08-01 17:42:14,107:INFO:No inverse transformer found
2020-08-01 17:42:14,107:INFO:Compiling Metrics
2020-08-01 17:42:14,114:INFO:Initializing Fold 3
2020-08-01 17:42:14,120:INFO:Fitting Model
2020-08-01 17:42:14,124:INFO:Evaluating Metrics
2020-08-01 17:42:14,126:INFO:No inverse transformer found
2020-08-01 17:42:14,126:INFO:Compiling Metrics
2020-08-01 17:42:14,134:INFO:Initializing Fold 4
2020-08-01 17:42:14,140:INFO:Fitting Model
2020-08-01 17:42:14,144:INFO:Evaluating Metrics
2020-08-01 17:42:14,147:INFO:No inverse transformer found
2020-08-01 17:42:14,147:INFO:Compiling Metrics
2020-08-01 17:42:14,155:INFO:Initializing Fold 5
2020-08-01 17:42:14,162:INFO:Fitting Model
2020-08-01 17:42:14,165:INFO:Evaluating Metrics
2020-08-01 17:42:14,167:INFO:No inverse transformer found
2020-08-01 17:42:14,167:INFO:Compiling Metrics
2020-08-01 17:42:14,173:INFO:Initializing Fold 6
2020-08-01 17:42:14,180:INFO:Fitting Model
2020-08-01 17:42:14,184:INFO:Evaluating Metrics
2020-08-01 17:42:14,185:INFO:No inverse transformer found
2020-08-01 17:42:14,186:INFO:Compiling Metrics
2020-08-01 17:42:14,192:INFO:Initializing Fold 7
2020-08-01 17:42:14,198:INFO:Fitting Model
2020-08-01 17:42:14,201:INFO:Evaluating Metrics
2020-08-01 17:42:14,203:INFO:No inverse transformer found
2020-08-01 17:42:14,203:INFO:Compiling Metrics
2020-08-01 17:42:14,209:INFO:Initializing Fold 8
2020-08-01 17:42:14,216:INFO:Fitting Model
2020-08-01 17:42:14,220:INFO:Evaluating Metrics
2020-08-01 17:42:14,223:INFO:No inverse transformer found
2020-08-01 17:42:14,223:INFO:Compiling Metrics
2020-08-01 17:42:14,229:INFO:Initializing Fold 9
2020-08-01 17:42:14,235:INFO:Fitting Model
2020-08-01 17:42:14,239:INFO:Evaluating Metrics
2020-08-01 17:42:14,240:INFO:No inverse transformer found
2020-08-01 17:42:14,240:INFO:Compiling Metrics
2020-08-01 17:42:14,246:INFO:Initializing Fold 10
2020-08-01 17:42:14,251:INFO:Fitting Model
2020-08-01 17:42:14,255:INFO:Evaluating Metrics
2020-08-01 17:42:14,257:INFO:No inverse transformer found
2020-08-01 17:42:14,257:INFO:Compiling Metrics
2020-08-01 17:42:14,262:INFO:Calculating mean and std
2020-08-01 17:42:14,263:INFO:Creating metrics dataframe
2020-08-01 17:42:14,270:INFO:Initializing Elastic Net
2020-08-01 17:42:14,274:INFO:Initializing Fold 1
2020-08-01 17:42:14,280:INFO:Fitting Model
2020-08-01 17:42:14,284:INFO:Evaluating Metrics
2020-08-01 17:42:14,287:INFO:No inverse transformer found
2020-08-01 17:42:14,287:INFO:Compiling Metrics
2020-08-01 17:42:14,295:INFO:Initializing Fold 2
2020-08-01 17:42:14,303:INFO:Fitting Model
2020-08-01 17:42:14,309:INFO:Evaluating Metrics
2020-08-01 17:42:14,312:INFO:No inverse transformer found
2020-08-01 17:42:14,312:INFO:Compiling Metrics
2020-08-01 17:42:14,318:INFO:Initializing Fold 3
2020-08-01 17:42:14,325:INFO:Fitting Model
2020-08-01 17:42:14,330:INFO:Evaluating Metrics
2020-08-01 17:42:14,332:INFO:No inverse transformer found
2020-08-01 17:42:14,332:INFO:Compiling Metrics
2020-08-01 17:42:14,338:INFO:Initializing Fold 4
2020-08-01 17:42:14,345:INFO:Fitting Model
2020-08-01 17:42:14,350:INFO:Evaluating Metrics
2020-08-01 17:42:14,352:INFO:No inverse transformer found
2020-08-01 17:42:14,352:INFO:Compiling Metrics
2020-08-01 17:42:14,358:INFO:Initializing Fold 5
2020-08-01 17:42:14,366:INFO:Fitting Model
2020-08-01 17:42:14,371:INFO:Evaluating Metrics
2020-08-01 17:42:14,372:INFO:No inverse transformer found
2020-08-01 17:42:14,373:INFO:Compiling Metrics
2020-08-01 17:42:14,380:INFO:Initializing Fold 6
2020-08-01 17:42:14,386:INFO:Fitting Model
2020-08-01 17:42:14,392:INFO:Evaluating Metrics
2020-08-01 17:42:14,395:INFO:No inverse transformer found
2020-08-01 17:42:14,395:INFO:Compiling Metrics
2020-08-01 17:42:14,402:INFO:Initializing Fold 7
2020-08-01 17:42:14,410:INFO:Fitting Model
2020-08-01 17:42:14,415:INFO:Evaluating Metrics
2020-08-01 17:42:14,417:INFO:No inverse transformer found
2020-08-01 17:42:14,417:INFO:Compiling Metrics
2020-08-01 17:42:14,423:INFO:Initializing Fold 8
2020-08-01 17:42:14,430:INFO:Fitting Model
2020-08-01 17:42:14,435:INFO:Evaluating Metrics
2020-08-01 17:42:14,436:INFO:No inverse transformer found
2020-08-01 17:42:14,436:INFO:Compiling Metrics
2020-08-01 17:42:14,443:INFO:Initializing Fold 9
2020-08-01 17:42:14,450:INFO:Fitting Model
2020-08-01 17:42:14,456:INFO:Evaluating Metrics
2020-08-01 17:42:14,458:INFO:No inverse transformer found
2020-08-01 17:42:14,458:INFO:Compiling Metrics
2020-08-01 17:42:14,465:INFO:Initializing Fold 10
2020-08-01 17:42:14,472:INFO:Fitting Model
2020-08-01 17:42:14,477:INFO:Evaluating Metrics
2020-08-01 17:42:14,478:INFO:No inverse transformer found
2020-08-01 17:42:14,479:INFO:Compiling Metrics
2020-08-01 17:42:14,485:INFO:Calculating mean and std
2020-08-01 17:42:14,485:INFO:Creating metrics dataframe
2020-08-01 17:42:14,496:INFO:Initializing Least Angle Regression
2020-08-01 17:42:14,501:INFO:Initializing Fold 1
2020-08-01 17:42:14,507:INFO:Fitting Model
2020-08-01 17:42:14,525:INFO:Evaluating Metrics
2020-08-01 17:42:14,526:INFO:No inverse transformer found
2020-08-01 17:42:14,527:INFO:Compiling Metrics
2020-08-01 17:42:14,533:INFO:Initializing Fold 2
2020-08-01 17:42:14,540:INFO:Fitting Model
2020-08-01 17:42:14,550:INFO:Evaluating Metrics
2020-08-01 17:42:14,551:INFO:No inverse transformer found
2020-08-01 17:42:14,552:INFO:Compiling Metrics
2020-08-01 17:42:14,557:INFO:Initializing Fold 3
2020-08-01 17:42:14,563:INFO:Fitting Model
2020-08-01 17:42:14,571:INFO:Evaluating Metrics
2020-08-01 17:42:14,573:INFO:No inverse transformer found
2020-08-01 17:42:14,573:INFO:Compiling Metrics
2020-08-01 17:42:14,579:INFO:Initializing Fold 4
2020-08-01 17:42:14,585:INFO:Fitting Model
2020-08-01 17:42:14,592:INFO:Evaluating Metrics
2020-08-01 17:42:14,594:INFO:No inverse transformer found
2020-08-01 17:42:14,594:INFO:Compiling Metrics
2020-08-01 17:42:14,600:INFO:Initializing Fold 5
2020-08-01 17:42:14,607:INFO:Fitting Model
2020-08-01 17:42:14,618:INFO:Evaluating Metrics
2020-08-01 17:42:14,621:INFO:No inverse transformer found
2020-08-01 17:42:14,621:INFO:Compiling Metrics
2020-08-01 17:42:14,629:INFO:Initializing Fold 6
2020-08-01 17:42:14,635:INFO:Fitting Model
2020-08-01 17:42:14,644:INFO:Evaluating Metrics
2020-08-01 17:42:14,646:INFO:No inverse transformer found
2020-08-01 17:42:14,646:INFO:Compiling Metrics
2020-08-01 17:42:14,653:INFO:Initializing Fold 7
2020-08-01 17:42:14,660:INFO:Fitting Model
2020-08-01 17:42:14,669:INFO:Evaluating Metrics
2020-08-01 17:42:14,671:INFO:No inverse transformer found
2020-08-01 17:42:14,671:INFO:Compiling Metrics
2020-08-01 17:42:14,677:INFO:Initializing Fold 8
2020-08-01 17:42:14,682:INFO:Fitting Model
2020-08-01 17:42:14,690:INFO:Evaluating Metrics
2020-08-01 17:42:14,692:INFO:No inverse transformer found
2020-08-01 17:42:14,692:INFO:Compiling Metrics
2020-08-01 17:42:14,697:INFO:Initializing Fold 9
2020-08-01 17:42:14,703:INFO:Fitting Model
2020-08-01 17:42:14,711:INFO:Evaluating Metrics
2020-08-01 17:42:14,713:INFO:No inverse transformer found
2020-08-01 17:42:14,713:INFO:Compiling Metrics
2020-08-01 17:42:14,720:INFO:Initializing Fold 10
2020-08-01 17:42:14,726:INFO:Fitting Model
2020-08-01 17:42:14,734:INFO:Evaluating Metrics
2020-08-01 17:42:14,736:INFO:No inverse transformer found
2020-08-01 17:42:14,736:INFO:Compiling Metrics
2020-08-01 17:42:14,742:INFO:Calculating mean and std
2020-08-01 17:42:14,742:INFO:Creating metrics dataframe
2020-08-01 17:42:14,753:INFO:Initializing Lasso Least Angle Regression
2020-08-01 17:42:14,757:INFO:Initializing Fold 1
2020-08-01 17:42:14,762:INFO:Fitting Model
2020-08-01 17:42:14,766:INFO:Evaluating Metrics
2020-08-01 17:42:14,768:INFO:No inverse transformer found
2020-08-01 17:42:14,768:INFO:Compiling Metrics
2020-08-01 17:42:14,774:INFO:Initializing Fold 2
2020-08-01 17:42:14,779:INFO:Fitting Model
2020-08-01 17:42:14,783:INFO:Evaluating Metrics
2020-08-01 17:42:14,785:INFO:No inverse transformer found
2020-08-01 17:42:14,785:INFO:Compiling Metrics
2020-08-01 17:42:14,790:INFO:Initializing Fold 3
2020-08-01 17:42:14,796:INFO:Fitting Model
2020-08-01 17:42:14,800:INFO:Evaluating Metrics
2020-08-01 17:42:14,802:INFO:No inverse transformer found
2020-08-01 17:42:14,802:INFO:Compiling Metrics
2020-08-01 17:42:14,807:INFO:Initializing Fold 4
2020-08-01 17:42:14,813:INFO:Fitting Model
2020-08-01 17:42:14,817:INFO:Evaluating Metrics
2020-08-01 17:42:14,818:INFO:No inverse transformer found
2020-08-01 17:42:14,819:INFO:Compiling Metrics
2020-08-01 17:42:14,825:INFO:Initializing Fold 5
2020-08-01 17:42:14,831:INFO:Fitting Model
2020-08-01 17:42:14,835:INFO:Evaluating Metrics
2020-08-01 17:42:14,837:INFO:No inverse transformer found
2020-08-01 17:42:14,837:INFO:Compiling Metrics
2020-08-01 17:42:14,844:INFO:Initializing Fold 6
2020-08-01 17:42:14,853:INFO:Fitting Model
2020-08-01 17:42:14,860:INFO:Evaluating Metrics
2020-08-01 17:42:14,862:INFO:No inverse transformer found
2020-08-01 17:42:14,862:INFO:Compiling Metrics
2020-08-01 17:42:14,869:INFO:Initializing Fold 7
2020-08-01 17:42:14,875:INFO:Fitting Model
2020-08-01 17:42:14,879:INFO:Evaluating Metrics
2020-08-01 17:42:14,881:INFO:No inverse transformer found
2020-08-01 17:42:14,881:INFO:Compiling Metrics
2020-08-01 17:42:14,887:INFO:Initializing Fold 8
2020-08-01 17:42:14,893:INFO:Fitting Model
2020-08-01 17:42:14,896:INFO:Evaluating Metrics
2020-08-01 17:42:14,898:INFO:No inverse transformer found
2020-08-01 17:42:14,898:INFO:Compiling Metrics
2020-08-01 17:42:14,904:INFO:Initializing Fold 9
2020-08-01 17:42:14,909:INFO:Fitting Model
2020-08-01 17:42:14,913:INFO:Evaluating Metrics
2020-08-01 17:42:14,915:INFO:No inverse transformer found
2020-08-01 17:42:14,915:INFO:Compiling Metrics
2020-08-01 17:42:14,920:INFO:Initializing Fold 10
2020-08-01 17:42:14,926:INFO:Fitting Model
2020-08-01 17:42:14,930:INFO:Evaluating Metrics
2020-08-01 17:42:14,932:INFO:No inverse transformer found
2020-08-01 17:42:14,932:INFO:Compiling Metrics
2020-08-01 17:42:14,938:INFO:Calculating mean and std
2020-08-01 17:42:14,938:INFO:Creating metrics dataframe
2020-08-01 17:42:14,947:INFO:Initializing Orthogonal Matching Pursuit
2020-08-01 17:42:14,951:INFO:Initializing Fold 1
2020-08-01 17:42:14,958:INFO:Fitting Model
2020-08-01 17:42:14,961:INFO:Evaluating Metrics
2020-08-01 17:42:14,963:INFO:No inverse transformer found
2020-08-01 17:42:14,963:INFO:Compiling Metrics
2020-08-01 17:42:14,968:INFO:Initializing Fold 2
2020-08-01 17:42:14,998:INFO:Fitting Model
2020-08-01 17:42:15,001:INFO:Evaluating Metrics
2020-08-01 17:42:15,003:INFO:No inverse transformer found
2020-08-01 17:42:15,003:INFO:Compiling Metrics
2020-08-01 17:42:15,009:INFO:Initializing Fold 3
2020-08-01 17:42:15,014:INFO:Fitting Model
2020-08-01 17:42:15,018:INFO:Evaluating Metrics
2020-08-01 17:42:15,019:INFO:No inverse transformer found
2020-08-01 17:42:15,019:INFO:Compiling Metrics
2020-08-01 17:42:15,026:INFO:Initializing Fold 4
2020-08-01 17:42:15,031:INFO:Fitting Model
2020-08-01 17:42:15,036:INFO:Evaluating Metrics
2020-08-01 17:42:15,038:INFO:No inverse transformer found
2020-08-01 17:42:15,038:INFO:Compiling Metrics
2020-08-01 17:42:15,043:INFO:Initializing Fold 5
2020-08-01 17:42:15,049:INFO:Fitting Model
2020-08-01 17:42:15,053:INFO:Evaluating Metrics
2020-08-01 17:42:15,055:INFO:No inverse transformer found
2020-08-01 17:42:15,055:INFO:Compiling Metrics
2020-08-01 17:42:15,061:INFO:Initializing Fold 6
2020-08-01 17:42:15,066:INFO:Fitting Model
2020-08-01 17:42:15,071:INFO:Evaluating Metrics
2020-08-01 17:42:15,072:INFO:No inverse transformer found
2020-08-01 17:42:15,072:INFO:Compiling Metrics
2020-08-01 17:42:15,078:INFO:Initializing Fold 7
2020-08-01 17:42:15,083:INFO:Fitting Model
2020-08-01 17:42:15,087:INFO:Evaluating Metrics
2020-08-01 17:42:15,089:INFO:No inverse transformer found
2020-08-01 17:42:15,089:INFO:Compiling Metrics
2020-08-01 17:42:15,095:INFO:Initializing Fold 8
2020-08-01 17:42:15,103:INFO:Fitting Model
2020-08-01 17:42:15,107:INFO:Evaluating Metrics
2020-08-01 17:42:15,109:INFO:No inverse transformer found
2020-08-01 17:42:15,109:INFO:Compiling Metrics
2020-08-01 17:42:15,116:INFO:Initializing Fold 9
2020-08-01 17:42:15,121:INFO:Fitting Model
2020-08-01 17:42:15,125:INFO:Evaluating Metrics
2020-08-01 17:42:15,126:INFO:No inverse transformer found
2020-08-01 17:42:15,127:INFO:Compiling Metrics
2020-08-01 17:42:15,133:INFO:Initializing Fold 10
2020-08-01 17:42:15,138:INFO:Fitting Model
2020-08-01 17:42:15,142:INFO:Evaluating Metrics
2020-08-01 17:42:15,144:INFO:No inverse transformer found
2020-08-01 17:42:15,144:INFO:Compiling Metrics
2020-08-01 17:42:15,150:INFO:Calculating mean and std
2020-08-01 17:42:15,150:INFO:Creating metrics dataframe
2020-08-01 17:42:15,160:INFO:Initializing Bayesian Ridge
2020-08-01 17:42:15,164:INFO:Initializing Fold 1
2020-08-01 17:42:15,169:INFO:Fitting Model
2020-08-01 17:42:15,183:INFO:Evaluating Metrics
2020-08-01 17:42:15,185:INFO:No inverse transformer found
2020-08-01 17:42:15,185:INFO:Compiling Metrics
2020-08-01 17:42:15,191:INFO:Initializing Fold 2
2020-08-01 17:42:15,198:INFO:Fitting Model
2020-08-01 17:42:15,206:INFO:Evaluating Metrics
2020-08-01 17:42:15,207:INFO:No inverse transformer found
2020-08-01 17:42:15,207:INFO:Compiling Metrics
2020-08-01 17:42:15,214:INFO:Initializing Fold 3
2020-08-01 17:42:15,220:INFO:Fitting Model
2020-08-01 17:42:15,228:INFO:Evaluating Metrics
2020-08-01 17:42:15,229:INFO:No inverse transformer found
2020-08-01 17:42:15,230:INFO:Compiling Metrics
2020-08-01 17:42:15,236:INFO:Initializing Fold 4
2020-08-01 17:42:15,242:INFO:Fitting Model
2020-08-01 17:42:15,250:INFO:Evaluating Metrics
2020-08-01 17:42:15,252:INFO:No inverse transformer found
2020-08-01 17:42:15,252:INFO:Compiling Metrics
2020-08-01 17:42:15,258:INFO:Initializing Fold 5
2020-08-01 17:42:15,265:INFO:Fitting Model
2020-08-01 17:42:15,273:INFO:Evaluating Metrics
2020-08-01 17:42:15,274:INFO:No inverse transformer found
2020-08-01 17:42:15,274:INFO:Compiling Metrics
2020-08-01 17:42:15,281:INFO:Initializing Fold 6
2020-08-01 17:42:15,286:INFO:Fitting Model
2020-08-01 17:42:15,294:INFO:Evaluating Metrics
2020-08-01 17:42:15,296:INFO:No inverse transformer found
2020-08-01 17:42:15,296:INFO:Compiling Metrics
2020-08-01 17:42:15,302:INFO:Initializing Fold 7
2020-08-01 17:42:15,307:INFO:Fitting Model
2020-08-01 17:42:15,313:INFO:Evaluating Metrics
2020-08-01 17:42:15,315:INFO:No inverse transformer found
2020-08-01 17:42:15,315:INFO:Compiling Metrics
2020-08-01 17:42:15,321:INFO:Initializing Fold 8
2020-08-01 17:42:15,327:INFO:Fitting Model
2020-08-01 17:42:15,335:INFO:Evaluating Metrics
2020-08-01 17:42:15,337:INFO:No inverse transformer found
2020-08-01 17:42:15,337:INFO:Compiling Metrics
2020-08-01 17:42:15,343:INFO:Initializing Fold 9
2020-08-01 17:42:15,350:INFO:Fitting Model
2020-08-01 17:42:15,357:INFO:Evaluating Metrics
2020-08-01 17:42:15,359:INFO:No inverse transformer found
2020-08-01 17:42:15,359:INFO:Compiling Metrics
2020-08-01 17:42:15,366:INFO:Initializing Fold 10
2020-08-01 17:42:15,373:INFO:Fitting Model
2020-08-01 17:42:15,380:INFO:Evaluating Metrics
2020-08-01 17:42:15,382:INFO:No inverse transformer found
2020-08-01 17:42:15,382:INFO:Compiling Metrics
2020-08-01 17:42:15,389:INFO:Calculating mean and std
2020-08-01 17:42:15,390:INFO:Creating metrics dataframe
2020-08-01 17:42:15,402:INFO:Initializing Passive Aggressive Regressor
2020-08-01 17:42:15,406:INFO:Initializing Fold 1
2020-08-01 17:42:15,412:INFO:Fitting Model
2020-08-01 17:42:15,440:INFO:Evaluating Metrics
2020-08-01 17:42:15,441:INFO:No inverse transformer found
2020-08-01 17:42:15,441:INFO:Compiling Metrics
2020-08-01 17:42:15,448:INFO:Initializing Fold 2
2020-08-01 17:42:15,456:INFO:Fitting Model
2020-08-01 17:42:15,487:INFO:Evaluating Metrics
2020-08-01 17:42:15,488:INFO:No inverse transformer found
2020-08-01 17:42:15,488:INFO:Compiling Metrics
2020-08-01 17:42:15,494:INFO:Initializing Fold 3
2020-08-01 17:42:15,500:INFO:Fitting Model
2020-08-01 17:42:15,531:INFO:Evaluating Metrics
2020-08-01 17:42:15,532:INFO:No inverse transformer found
2020-08-01 17:42:15,532:INFO:Compiling Metrics
2020-08-01 17:42:15,538:INFO:Initializing Fold 4
2020-08-01 17:42:15,544:INFO:Fitting Model
2020-08-01 17:42:15,615:INFO:Evaluating Metrics
2020-08-01 17:42:15,617:INFO:No inverse transformer found
2020-08-01 17:42:15,617:INFO:Compiling Metrics
2020-08-01 17:42:15,623:INFO:Initializing Fold 5
2020-08-01 17:42:15,630:INFO:Fitting Model
2020-08-01 17:42:15,667:INFO:Evaluating Metrics
2020-08-01 17:42:15,669:INFO:No inverse transformer found
2020-08-01 17:42:15,669:INFO:Compiling Metrics
2020-08-01 17:42:15,674:INFO:Initializing Fold 6
2020-08-01 17:42:15,680:INFO:Fitting Model
2020-08-01 17:42:15,706:INFO:Evaluating Metrics
2020-08-01 17:42:15,708:INFO:No inverse transformer found
2020-08-01 17:42:15,708:INFO:Compiling Metrics
2020-08-01 17:42:15,713:INFO:Initializing Fold 7
2020-08-01 17:42:15,719:INFO:Fitting Model
2020-08-01 17:42:15,741:INFO:Evaluating Metrics
2020-08-01 17:42:15,743:INFO:No inverse transformer found
2020-08-01 17:42:15,743:INFO:Compiling Metrics
2020-08-01 17:42:15,748:INFO:Initializing Fold 8
2020-08-01 17:42:15,753:INFO:Fitting Model
2020-08-01 17:42:15,771:INFO:Evaluating Metrics
2020-08-01 17:42:15,773:INFO:No inverse transformer found
2020-08-01 17:42:15,773:INFO:Compiling Metrics
2020-08-01 17:42:15,779:INFO:Initializing Fold 9
2020-08-01 17:42:15,784:INFO:Fitting Model
2020-08-01 17:42:15,813:INFO:Evaluating Metrics
2020-08-01 17:42:15,815:INFO:No inverse transformer found
2020-08-01 17:42:15,815:INFO:Compiling Metrics
2020-08-01 17:42:15,821:INFO:Initializing Fold 10
2020-08-01 17:42:15,826:INFO:Fitting Model
2020-08-01 17:42:15,869:INFO:Evaluating Metrics
2020-08-01 17:42:15,870:INFO:No inverse transformer found
2020-08-01 17:42:15,870:INFO:Compiling Metrics
2020-08-01 17:42:15,876:INFO:Calculating mean and std
2020-08-01 17:42:15,876:INFO:Creating metrics dataframe
2020-08-01 17:42:15,885:INFO:Initializing Random Sample Consensus
2020-08-01 17:42:15,889:INFO:Initializing Fold 1
2020-08-01 17:42:15,895:INFO:Fitting Model
2020-08-01 17:42:15,913:INFO:Evaluating Metrics
2020-08-01 17:42:15,915:INFO:No inverse transformer found
2020-08-01 17:42:15,915:INFO:Compiling Metrics
2020-08-01 17:42:15,921:INFO:Initializing Fold 2
2020-08-01 17:42:15,927:INFO:Fitting Model
2020-08-01 17:42:15,937:INFO:Evaluating Metrics
2020-08-01 17:42:15,939:INFO:No inverse transformer found
2020-08-01 17:42:15,939:INFO:Compiling Metrics
2020-08-01 17:42:15,945:INFO:Initializing Fold 3
2020-08-01 17:42:15,951:INFO:Fitting Model
2020-08-01 17:42:15,961:INFO:Evaluating Metrics
2020-08-01 17:42:15,963:INFO:No inverse transformer found
2020-08-01 17:42:15,963:INFO:Compiling Metrics
2020-08-01 17:42:15,971:INFO:Initializing Fold 4
2020-08-01 17:42:15,978:INFO:Fitting Model
2020-08-01 17:42:15,989:INFO:Evaluating Metrics
2020-08-01 17:42:15,990:INFO:No inverse transformer found
2020-08-01 17:42:15,991:INFO:Compiling Metrics
2020-08-01 17:42:15,998:INFO:Initializing Fold 5
2020-08-01 17:42:16,003:INFO:Fitting Model
2020-08-01 17:42:16,014:INFO:Evaluating Metrics
2020-08-01 17:42:16,016:INFO:No inverse transformer found
2020-08-01 17:42:16,017:INFO:Compiling Metrics
2020-08-01 17:42:16,023:INFO:Initializing Fold 6
2020-08-01 17:42:16,031:INFO:Fitting Model
2020-08-01 17:42:16,041:INFO:Evaluating Metrics
2020-08-01 17:42:16,043:INFO:No inverse transformer found
2020-08-01 17:42:16,043:INFO:Compiling Metrics
2020-08-01 17:42:16,049:INFO:Initializing Fold 7
2020-08-01 17:42:16,055:INFO:Fitting Model
2020-08-01 17:42:16,066:INFO:Evaluating Metrics
2020-08-01 17:42:16,068:INFO:No inverse transformer found
2020-08-01 17:42:16,068:INFO:Compiling Metrics
2020-08-01 17:42:16,075:INFO:Initializing Fold 8
2020-08-01 17:42:16,083:INFO:Fitting Model
2020-08-01 17:42:16,094:INFO:Evaluating Metrics
2020-08-01 17:42:16,096:INFO:No inverse transformer found
2020-08-01 17:42:16,096:INFO:Compiling Metrics
2020-08-01 17:42:16,104:INFO:Initializing Fold 9
2020-08-01 17:42:16,111:INFO:Fitting Model
2020-08-01 17:42:16,121:INFO:Evaluating Metrics
2020-08-01 17:42:16,123:INFO:No inverse transformer found
2020-08-01 17:42:16,123:INFO:Compiling Metrics
2020-08-01 17:42:16,129:INFO:Initializing Fold 10
2020-08-01 17:42:16,135:INFO:Fitting Model
2020-08-01 17:42:16,146:INFO:Evaluating Metrics
2020-08-01 17:42:16,147:INFO:No inverse transformer found
2020-08-01 17:42:16,148:INFO:Compiling Metrics
2020-08-01 17:42:16,153:INFO:Calculating mean and std
2020-08-01 17:42:16,154:INFO:Creating metrics dataframe
2020-08-01 17:42:16,165:INFO:Initializing TheilSen Regressor
2020-08-01 17:42:16,170:INFO:Initializing Fold 1
2020-08-01 17:42:16,176:INFO:Fitting Model
2020-08-01 17:42:19,098:INFO:Evaluating Metrics
2020-08-01 17:42:19,100:INFO:No inverse transformer found
2020-08-01 17:42:19,100:INFO:Compiling Metrics
2020-08-01 17:42:19,106:INFO:Initializing Fold 2
2020-08-01 17:42:19,112:INFO:Fitting Model
2020-08-01 17:42:20,874:INFO:Evaluating Metrics
2020-08-01 17:42:20,876:INFO:No inverse transformer found
2020-08-01 17:42:20,876:INFO:Compiling Metrics
2020-08-01 17:42:20,884:INFO:Initializing Fold 3
2020-08-01 17:42:20,890:INFO:Fitting Model
2020-08-01 17:42:22,675:INFO:Evaluating Metrics
2020-08-01 17:42:22,677:INFO:No inverse transformer found
2020-08-01 17:42:22,677:INFO:Compiling Metrics
2020-08-01 17:42:22,682:INFO:Initializing Fold 4
2020-08-01 17:42:22,688:INFO:Fitting Model
2020-08-01 17:42:24,450:INFO:Evaluating Metrics
2020-08-01 17:42:24,452:INFO:No inverse transformer found
2020-08-01 17:42:24,452:INFO:Compiling Metrics
2020-08-01 17:42:24,457:INFO:Initializing Fold 5
2020-08-01 17:42:24,463:INFO:Fitting Model
2020-08-01 17:42:26,222:INFO:Evaluating Metrics
2020-08-01 17:42:26,224:INFO:No inverse transformer found
2020-08-01 17:42:26,224:INFO:Compiling Metrics
2020-08-01 17:42:26,229:INFO:Initializing Fold 6
2020-08-01 17:42:26,235:INFO:Fitting Model
2020-08-01 17:42:28,001:INFO:Evaluating Metrics
2020-08-01 17:42:28,003:INFO:No inverse transformer found
2020-08-01 17:42:28,003:INFO:Compiling Metrics
2020-08-01 17:42:28,010:INFO:Initializing Fold 7
2020-08-01 17:42:28,016:INFO:Fitting Model
2020-08-01 17:42:29,784:INFO:Evaluating Metrics
2020-08-01 17:42:29,786:INFO:No inverse transformer found
2020-08-01 17:42:29,786:INFO:Compiling Metrics
2020-08-01 17:42:29,792:INFO:Initializing Fold 8
2020-08-01 17:42:29,798:INFO:Fitting Model
2020-08-01 17:42:31,559:INFO:Evaluating Metrics
2020-08-01 17:42:31,561:INFO:No inverse transformer found
2020-08-01 17:42:31,561:INFO:Compiling Metrics
2020-08-01 17:42:31,566:INFO:Initializing Fold 9
2020-08-01 17:42:31,572:INFO:Fitting Model
2020-08-01 17:42:33,318:INFO:Evaluating Metrics
2020-08-01 17:42:33,320:INFO:No inverse transformer found
2020-08-01 17:42:33,320:INFO:Compiling Metrics
2020-08-01 17:42:33,325:INFO:Initializing Fold 10
2020-08-01 17:42:33,331:INFO:Fitting Model
2020-08-01 17:42:35,077:INFO:Evaluating Metrics
2020-08-01 17:42:35,079:INFO:No inverse transformer found
2020-08-01 17:42:35,079:INFO:Compiling Metrics
2020-08-01 17:42:35,085:INFO:Calculating mean and std
2020-08-01 17:42:35,085:INFO:Creating metrics dataframe
2020-08-01 17:42:35,095:INFO:Initializing Huber Regressor
2020-08-01 17:42:35,100:INFO:Initializing Fold 1
2020-08-01 17:42:35,111:INFO:Fitting Model
2020-08-01 17:42:35,280:INFO:Evaluating Metrics
2020-08-01 17:42:35,281:INFO:No inverse transformer found
2020-08-01 17:42:35,281:INFO:Compiling Metrics
2020-08-01 17:42:35,287:INFO:Initializing Fold 2
2020-08-01 17:42:35,292:INFO:Fitting Model
2020-08-01 17:42:35,452:INFO:Evaluating Metrics
2020-08-01 17:42:35,453:INFO:No inverse transformer found
2020-08-01 17:42:35,453:INFO:Compiling Metrics
2020-08-01 17:42:35,459:INFO:Initializing Fold 3
2020-08-01 17:42:35,464:INFO:Fitting Model
2020-08-01 17:42:35,611:INFO:Evaluating Metrics
2020-08-01 17:42:35,612:INFO:No inverse transformer found
2020-08-01 17:42:35,612:INFO:Compiling Metrics
2020-08-01 17:42:35,618:INFO:Initializing Fold 4
2020-08-01 17:42:35,623:INFO:Fitting Model
2020-08-01 17:42:35,770:INFO:Evaluating Metrics
2020-08-01 17:42:35,772:INFO:No inverse transformer found
2020-08-01 17:42:35,772:INFO:Compiling Metrics
2020-08-01 17:42:35,777:INFO:Initializing Fold 5
2020-08-01 17:42:35,782:INFO:Fitting Model
2020-08-01 17:42:35,924:INFO:Evaluating Metrics
2020-08-01 17:42:35,925:INFO:No inverse transformer found
2020-08-01 17:42:35,925:INFO:Compiling Metrics
2020-08-01 17:42:35,931:INFO:Initializing Fold 6
2020-08-01 17:42:35,936:INFO:Fitting Model
2020-08-01 17:42:36,071:INFO:Evaluating Metrics
2020-08-01 17:42:36,073:INFO:No inverse transformer found
2020-08-01 17:42:36,073:INFO:Compiling Metrics
2020-08-01 17:42:36,078:INFO:Initializing Fold 7
2020-08-01 17:42:36,083:INFO:Fitting Model
2020-08-01 17:42:36,226:INFO:Evaluating Metrics
2020-08-01 17:42:36,227:INFO:No inverse transformer found
2020-08-01 17:42:36,227:INFO:Compiling Metrics
2020-08-01 17:42:36,232:INFO:Initializing Fold 8
2020-08-01 17:42:36,238:INFO:Fitting Model
2020-08-01 17:42:36,372:INFO:Evaluating Metrics
2020-08-01 17:42:36,374:INFO:No inverse transformer found
2020-08-01 17:42:36,374:INFO:Compiling Metrics
2020-08-01 17:42:36,379:INFO:Initializing Fold 9
2020-08-01 17:42:36,384:INFO:Fitting Model
2020-08-01 17:42:36,518:INFO:Evaluating Metrics
2020-08-01 17:42:36,519:INFO:No inverse transformer found
2020-08-01 17:42:36,520:INFO:Compiling Metrics
2020-08-01 17:42:36,525:INFO:Initializing Fold 10
2020-08-01 17:42:36,530:INFO:Fitting Model
2020-08-01 17:42:36,663:INFO:Evaluating Metrics
2020-08-01 17:42:36,665:INFO:No inverse transformer found
2020-08-01 17:42:36,665:INFO:Compiling Metrics
2020-08-01 17:42:36,670:INFO:Calculating mean and std
2020-08-01 17:42:36,671:INFO:Creating metrics dataframe
2020-08-01 17:42:36,682:INFO:Initializing Support Vector Machine
2020-08-01 17:42:36,688:INFO:Initializing Fold 1
2020-08-01 17:42:36,694:INFO:Fitting Model
2020-08-01 17:42:38,503:INFO:Evaluating Metrics
2020-08-01 17:42:38,642:INFO:No inverse transformer found
2020-08-01 17:42:38,642:INFO:Compiling Metrics
2020-08-01 17:42:38,648:INFO:Initializing Fold 2
2020-08-01 17:42:38,654:INFO:Fitting Model
2020-08-01 17:42:40,459:INFO:Evaluating Metrics
2020-08-01 17:42:40,599:INFO:No inverse transformer found
2020-08-01 17:42:40,599:INFO:Compiling Metrics
2020-08-01 17:42:40,605:INFO:Initializing Fold 3
2020-08-01 17:42:40,611:INFO:Fitting Model
2020-08-01 17:42:42,411:INFO:Evaluating Metrics
2020-08-01 17:42:42,551:INFO:No inverse transformer found
2020-08-01 17:42:42,551:INFO:Compiling Metrics
2020-08-01 17:42:42,556:INFO:Initializing Fold 4
2020-08-01 17:42:42,562:INFO:Fitting Model
2020-08-01 17:42:44,370:INFO:Evaluating Metrics
2020-08-01 17:42:44,510:INFO:No inverse transformer found
2020-08-01 17:42:44,510:INFO:Compiling Metrics
2020-08-01 17:42:44,516:INFO:Initializing Fold 5
2020-08-01 17:42:44,521:INFO:Fitting Model
2020-08-01 17:42:46,325:INFO:Evaluating Metrics
2020-08-01 17:42:46,465:INFO:No inverse transformer found
2020-08-01 17:42:46,465:INFO:Compiling Metrics
2020-08-01 17:42:46,471:INFO:Initializing Fold 6
2020-08-01 17:42:46,476:INFO:Fitting Model
2020-08-01 17:42:48,295:INFO:Evaluating Metrics
2020-08-01 17:42:48,436:INFO:No inverse transformer found
2020-08-01 17:42:48,436:INFO:Compiling Metrics
2020-08-01 17:42:48,442:INFO:Initializing Fold 7
2020-08-01 17:42:48,447:INFO:Fitting Model
2020-08-01 17:42:50,245:INFO:Evaluating Metrics
2020-08-01 17:42:50,384:INFO:No inverse transformer found
2020-08-01 17:42:50,384:INFO:Compiling Metrics
2020-08-01 17:42:50,389:INFO:Initializing Fold 8
2020-08-01 17:42:50,395:INFO:Fitting Model
2020-08-01 17:42:52,203:INFO:Evaluating Metrics
2020-08-01 17:42:52,343:INFO:No inverse transformer found
2020-08-01 17:42:52,344:INFO:Compiling Metrics
2020-08-01 17:42:52,349:INFO:Initializing Fold 9
2020-08-01 17:42:52,355:INFO:Fitting Model
2020-08-01 17:42:54,162:INFO:Evaluating Metrics
2020-08-01 17:42:54,302:INFO:No inverse transformer found
2020-08-01 17:42:54,302:INFO:Compiling Metrics
2020-08-01 17:42:54,308:INFO:Initializing Fold 10
2020-08-01 17:42:54,314:INFO:Fitting Model
2020-08-01 17:42:56,117:INFO:Evaluating Metrics
2020-08-01 17:42:56,258:INFO:No inverse transformer found
2020-08-01 17:42:56,258:INFO:Compiling Metrics
2020-08-01 17:42:56,263:INFO:Calculating mean and std
2020-08-01 17:42:56,263:INFO:Creating metrics dataframe
2020-08-01 17:42:56,276:INFO:Initializing K Neighbors Regressor
2020-08-01 17:42:56,281:INFO:Initializing Fold 1
2020-08-01 17:42:56,287:INFO:Fitting Model
2020-08-01 17:42:56,329:INFO:Evaluating Metrics
2020-08-01 17:42:56,350:INFO:No inverse transformer found
2020-08-01 17:42:56,350:INFO:Compiling Metrics
2020-08-01 17:42:56,356:INFO:Initializing Fold 2
2020-08-01 17:42:56,361:INFO:Fitting Model
2020-08-01 17:42:56,396:INFO:Evaluating Metrics
2020-08-01 17:42:56,406:INFO:No inverse transformer found
2020-08-01 17:42:56,406:INFO:Compiling Metrics
2020-08-01 17:42:56,412:INFO:Initializing Fold 3
2020-08-01 17:42:56,417:INFO:Fitting Model
2020-08-01 17:42:56,451:INFO:Evaluating Metrics
2020-08-01 17:42:56,460:INFO:No inverse transformer found
2020-08-01 17:42:56,460:INFO:Compiling Metrics
2020-08-01 17:42:56,466:INFO:Initializing Fold 4
2020-08-01 17:42:56,471:INFO:Fitting Model
2020-08-01 17:42:56,505:INFO:Evaluating Metrics
2020-08-01 17:42:56,514:INFO:No inverse transformer found
2020-08-01 17:42:56,515:INFO:Compiling Metrics
2020-08-01 17:42:56,520:INFO:Initializing Fold 5
2020-08-01 17:42:56,525:INFO:Fitting Model
2020-08-01 17:42:56,559:INFO:Evaluating Metrics
2020-08-01 17:42:56,568:INFO:No inverse transformer found
2020-08-01 17:42:56,568:INFO:Compiling Metrics
2020-08-01 17:42:56,574:INFO:Initializing Fold 6
2020-08-01 17:42:56,579:INFO:Fitting Model
2020-08-01 17:42:56,613:INFO:Evaluating Metrics
2020-08-01 17:42:56,623:INFO:No inverse transformer found
2020-08-01 17:42:56,624:INFO:Compiling Metrics
2020-08-01 17:42:56,630:INFO:Initializing Fold 7
2020-08-01 17:42:56,635:INFO:Fitting Model
2020-08-01 17:42:56,669:INFO:Evaluating Metrics
2020-08-01 17:42:56,679:INFO:No inverse transformer found
2020-08-01 17:42:56,679:INFO:Compiling Metrics
2020-08-01 17:42:56,684:INFO:Initializing Fold 8
2020-08-01 17:42:56,689:INFO:Fitting Model
2020-08-01 17:42:56,724:INFO:Evaluating Metrics
2020-08-01 17:42:56,734:INFO:No inverse transformer found
2020-08-01 17:42:56,734:INFO:Compiling Metrics
2020-08-01 17:42:56,740:INFO:Initializing Fold 9
2020-08-01 17:42:56,745:INFO:Fitting Model
2020-08-01 17:42:56,780:INFO:Evaluating Metrics
2020-08-01 17:42:56,788:INFO:No inverse transformer found
2020-08-01 17:42:56,789:INFO:Compiling Metrics
2020-08-01 17:42:56,794:INFO:Initializing Fold 10
2020-08-01 17:42:56,800:INFO:Fitting Model
2020-08-01 17:42:56,833:INFO:Evaluating Metrics
2020-08-01 17:42:56,843:INFO:No inverse transformer found
2020-08-01 17:42:56,843:INFO:Compiling Metrics
2020-08-01 17:42:56,849:INFO:Calculating mean and std
2020-08-01 17:42:56,849:INFO:Creating metrics dataframe
2020-08-01 17:42:56,860:INFO:Initializing Decision Tree
2020-08-01 17:42:56,864:INFO:Initializing Fold 1
2020-08-01 17:42:56,870:INFO:Fitting Model
2020-08-01 17:42:56,905:INFO:Evaluating Metrics
2020-08-01 17:42:56,906:INFO:No inverse transformer found
2020-08-01 17:42:56,907:INFO:Compiling Metrics
2020-08-01 17:42:56,912:INFO:Initializing Fold 2
2020-08-01 17:42:56,917:INFO:Fitting Model
2020-08-01 17:42:56,950:INFO:Evaluating Metrics
2020-08-01 17:42:56,951:INFO:No inverse transformer found
2020-08-01 17:42:56,951:INFO:Compiling Metrics
2020-08-01 17:42:56,957:INFO:Initializing Fold 3
2020-08-01 17:42:56,962:INFO:Fitting Model
2020-08-01 17:42:56,995:INFO:Evaluating Metrics
2020-08-01 17:42:56,996:INFO:No inverse transformer found
2020-08-01 17:42:56,996:INFO:Compiling Metrics
2020-08-01 17:42:57,002:INFO:Initializing Fold 4
2020-08-01 17:42:57,007:INFO:Fitting Model
2020-08-01 17:42:57,041:INFO:Evaluating Metrics
2020-08-01 17:42:57,043:INFO:No inverse transformer found
2020-08-01 17:42:57,043:INFO:Compiling Metrics
2020-08-01 17:42:57,048:INFO:Initializing Fold 5
2020-08-01 17:42:57,054:INFO:Fitting Model
2020-08-01 17:42:57,087:INFO:Evaluating Metrics
2020-08-01 17:42:57,089:INFO:No inverse transformer found
2020-08-01 17:42:57,089:INFO:Compiling Metrics
2020-08-01 17:42:57,095:INFO:Initializing Fold 6
2020-08-01 17:42:57,100:INFO:Fitting Model
2020-08-01 17:42:57,133:INFO:Evaluating Metrics
2020-08-01 17:42:57,135:INFO:No inverse transformer found
2020-08-01 17:42:57,135:INFO:Compiling Metrics
2020-08-01 17:42:57,140:INFO:Initializing Fold 7
2020-08-01 17:42:57,146:INFO:Fitting Model
2020-08-01 17:42:57,179:INFO:Evaluating Metrics
2020-08-01 17:42:57,181:INFO:No inverse transformer found
2020-08-01 17:42:57,181:INFO:Compiling Metrics
2020-08-01 17:42:57,187:INFO:Initializing Fold 8
2020-08-01 17:42:57,192:INFO:Fitting Model
2020-08-01 17:42:57,225:INFO:Evaluating Metrics
2020-08-01 17:42:57,226:INFO:No inverse transformer found
2020-08-01 17:42:57,227:INFO:Compiling Metrics
2020-08-01 17:42:57,232:INFO:Initializing Fold 9
2020-08-01 17:42:57,237:INFO:Fitting Model
2020-08-01 17:42:57,270:INFO:Evaluating Metrics
2020-08-01 17:42:57,271:INFO:No inverse transformer found
2020-08-01 17:42:57,271:INFO:Compiling Metrics
2020-08-01 17:42:57,277:INFO:Initializing Fold 10
2020-08-01 17:42:57,282:INFO:Fitting Model
2020-08-01 17:42:57,315:INFO:Evaluating Metrics
2020-08-01 17:42:57,316:INFO:No inverse transformer found
2020-08-01 17:42:57,316:INFO:Compiling Metrics
2020-08-01 17:42:57,322:INFO:Calculating mean and std
2020-08-01 17:42:57,322:INFO:Creating metrics dataframe
2020-08-01 17:42:57,332:INFO:Initializing Random Forest
2020-08-01 17:42:57,336:INFO:Initializing Fold 1
2020-08-01 17:42:57,342:INFO:Fitting Model
2020-08-01 17:42:57,717:INFO:Evaluating Metrics
2020-08-01 17:42:57,730:INFO:No inverse transformer found
2020-08-01 17:42:57,730:INFO:Compiling Metrics
2020-08-01 17:42:57,736:INFO:Initializing Fold 2
2020-08-01 17:42:57,741:INFO:Fitting Model
2020-08-01 17:42:58,133:INFO:Evaluating Metrics
2020-08-01 17:42:58,148:INFO:No inverse transformer found
2020-08-01 17:42:58,148:INFO:Compiling Metrics
2020-08-01 17:42:58,153:INFO:Initializing Fold 3
2020-08-01 17:42:58,159:INFO:Fitting Model
2020-08-01 17:42:58,541:INFO:Evaluating Metrics
2020-08-01 17:42:58,555:INFO:No inverse transformer found
2020-08-01 17:42:58,555:INFO:Compiling Metrics
2020-08-01 17:42:58,561:INFO:Initializing Fold 4
2020-08-01 17:42:58,567:INFO:Fitting Model
2020-08-01 17:42:58,955:INFO:Evaluating Metrics
2020-08-01 17:42:58,969:INFO:No inverse transformer found
2020-08-01 17:42:58,969:INFO:Compiling Metrics
2020-08-01 17:42:58,975:INFO:Initializing Fold 5
2020-08-01 17:42:58,980:INFO:Fitting Model
2020-08-01 17:42:59,376:INFO:Evaluating Metrics
2020-08-01 17:42:59,389:INFO:No inverse transformer found
2020-08-01 17:42:59,390:INFO:Compiling Metrics
2020-08-01 17:42:59,395:INFO:Initializing Fold 6
2020-08-01 17:42:59,400:INFO:Fitting Model
2020-08-01 17:42:59,784:INFO:Evaluating Metrics
2020-08-01 17:42:59,798:INFO:No inverse transformer found
2020-08-01 17:42:59,798:INFO:Compiling Metrics
2020-08-01 17:42:59,803:INFO:Initializing Fold 7
2020-08-01 17:42:59,809:INFO:Fitting Model
2020-08-01 17:43:00,201:INFO:Evaluating Metrics
2020-08-01 17:43:00,217:INFO:No inverse transformer found
2020-08-01 17:43:00,217:INFO:Compiling Metrics
2020-08-01 17:43:00,223:INFO:Initializing Fold 8
2020-08-01 17:43:00,229:INFO:Fitting Model
2020-08-01 17:43:00,620:INFO:Evaluating Metrics
2020-08-01 17:43:00,634:INFO:No inverse transformer found
2020-08-01 17:43:00,634:INFO:Compiling Metrics
2020-08-01 17:43:00,640:INFO:Initializing Fold 9
2020-08-01 17:43:00,646:INFO:Fitting Model
2020-08-01 17:43:01,030:INFO:Evaluating Metrics
2020-08-01 17:43:01,046:INFO:No inverse transformer found
2020-08-01 17:43:01,046:INFO:Compiling Metrics
2020-08-01 17:43:01,051:INFO:Initializing Fold 10
2020-08-01 17:43:01,056:INFO:Fitting Model
2020-08-01 17:43:01,448:INFO:Evaluating Metrics
2020-08-01 17:43:01,462:INFO:No inverse transformer found
2020-08-01 17:43:01,462:INFO:Compiling Metrics
2020-08-01 17:43:01,468:INFO:Calculating mean and std
2020-08-01 17:43:01,468:INFO:Creating metrics dataframe
2020-08-01 17:43:01,479:INFO:Initializing Extra Trees Regressor
2020-08-01 17:43:01,483:INFO:Initializing Fold 1
2020-08-01 17:43:01,489:INFO:Fitting Model
2020-08-01 17:43:01,837:INFO:Evaluating Metrics
2020-08-01 17:43:01,851:INFO:No inverse transformer found
2020-08-01 17:43:01,851:INFO:Compiling Metrics
2020-08-01 17:43:01,857:INFO:Initializing Fold 2
2020-08-01 17:43:01,862:INFO:Fitting Model
2020-08-01 17:43:02,224:INFO:Evaluating Metrics
2020-08-01 17:43:02,239:INFO:No inverse transformer found
2020-08-01 17:43:02,239:INFO:Compiling Metrics
2020-08-01 17:43:02,245:INFO:Initializing Fold 3
2020-08-01 17:43:02,250:INFO:Fitting Model
2020-08-01 17:43:02,632:INFO:Evaluating Metrics
2020-08-01 17:43:02,647:INFO:No inverse transformer found
2020-08-01 17:43:02,647:INFO:Compiling Metrics
2020-08-01 17:43:02,652:INFO:Initializing Fold 4
2020-08-01 17:43:02,658:INFO:Fitting Model
2020-08-01 17:43:03,033:INFO:Evaluating Metrics
2020-08-01 17:43:03,050:INFO:No inverse transformer found
2020-08-01 17:43:03,050:INFO:Compiling Metrics
2020-08-01 17:43:03,057:INFO:Initializing Fold 5
2020-08-01 17:43:03,063:INFO:Fitting Model
2020-08-01 17:43:03,414:INFO:Evaluating Metrics
2020-08-01 17:43:03,428:INFO:No inverse transformer found
2020-08-01 17:43:03,428:INFO:Compiling Metrics
2020-08-01 17:43:03,433:INFO:Initializing Fold 6
2020-08-01 17:43:03,439:INFO:Fitting Model
2020-08-01 17:43:03,792:INFO:Evaluating Metrics
2020-08-01 17:43:03,806:INFO:No inverse transformer found
2020-08-01 17:43:03,806:INFO:Compiling Metrics
2020-08-01 17:43:03,811:INFO:Initializing Fold 7
2020-08-01 17:43:03,817:INFO:Fitting Model
2020-08-01 17:43:04,170:INFO:Evaluating Metrics
2020-08-01 17:43:04,184:INFO:No inverse transformer found
2020-08-01 17:43:04,184:INFO:Compiling Metrics
2020-08-01 17:43:04,189:INFO:Initializing Fold 8
2020-08-01 17:43:04,195:INFO:Fitting Model
2020-08-01 17:43:04,551:INFO:Evaluating Metrics
2020-08-01 17:43:04,565:INFO:No inverse transformer found
2020-08-01 17:43:04,565:INFO:Compiling Metrics
2020-08-01 17:43:04,570:INFO:Initializing Fold 9
2020-08-01 17:43:04,576:INFO:Fitting Model
2020-08-01 17:43:04,940:INFO:Evaluating Metrics
2020-08-01 17:43:04,955:INFO:No inverse transformer found
2020-08-01 17:43:04,955:INFO:Compiling Metrics
2020-08-01 17:43:04,962:INFO:Initializing Fold 10
2020-08-01 17:43:04,968:INFO:Fitting Model
2020-08-01 17:43:05,327:INFO:Evaluating Metrics
2020-08-01 17:43:05,341:INFO:No inverse transformer found
2020-08-01 17:43:05,341:INFO:Compiling Metrics
2020-08-01 17:43:05,347:INFO:Calculating mean and std
2020-08-01 17:43:05,347:INFO:Creating metrics dataframe
2020-08-01 17:43:05,359:INFO:Initializing AdaBoost Regressor
2020-08-01 17:43:05,363:INFO:Initializing Fold 1
2020-08-01 17:43:05,368:INFO:Fitting Model
2020-08-01 17:43:05,800:INFO:Evaluating Metrics
2020-08-01 17:43:05,808:INFO:No inverse transformer found
2020-08-01 17:43:05,808:INFO:Compiling Metrics
2020-08-01 17:43:05,814:INFO:Initializing Fold 2
2020-08-01 17:43:05,819:INFO:Fitting Model
2020-08-01 17:43:06,248:INFO:Evaluating Metrics
2020-08-01 17:43:06,255:INFO:No inverse transformer found
2020-08-01 17:43:06,255:INFO:Compiling Metrics
2020-08-01 17:43:06,261:INFO:Initializing Fold 3
2020-08-01 17:43:06,267:INFO:Fitting Model
2020-08-01 17:43:06,683:INFO:Evaluating Metrics
2020-08-01 17:43:06,691:INFO:No inverse transformer found
2020-08-01 17:43:06,691:INFO:Compiling Metrics
2020-08-01 17:43:06,696:INFO:Initializing Fold 4
2020-08-01 17:43:06,702:INFO:Fitting Model
2020-08-01 17:43:07,117:INFO:Evaluating Metrics
2020-08-01 17:43:07,124:INFO:No inverse transformer found
2020-08-01 17:43:07,124:INFO:Compiling Metrics
2020-08-01 17:43:07,129:INFO:Initializing Fold 5
2020-08-01 17:43:07,135:INFO:Fitting Model
2020-08-01 17:43:07,552:INFO:Evaluating Metrics
2020-08-01 17:43:07,559:INFO:No inverse transformer found
2020-08-01 17:43:07,559:INFO:Compiling Metrics
2020-08-01 17:43:07,565:INFO:Initializing Fold 6
2020-08-01 17:43:07,570:INFO:Fitting Model
2020-08-01 17:43:08,009:INFO:Evaluating Metrics
2020-08-01 17:43:08,017:INFO:No inverse transformer found
2020-08-01 17:43:08,017:INFO:Compiling Metrics
2020-08-01 17:43:08,022:INFO:Initializing Fold 7
2020-08-01 17:43:08,028:INFO:Fitting Model
2020-08-01 17:43:08,463:INFO:Evaluating Metrics
2020-08-01 17:43:08,470:INFO:No inverse transformer found
2020-08-01 17:43:08,471:INFO:Compiling Metrics
2020-08-01 17:43:08,477:INFO:Initializing Fold 8
2020-08-01 17:43:08,482:INFO:Fitting Model
2020-08-01 17:43:08,924:INFO:Evaluating Metrics
2020-08-01 17:43:08,932:INFO:No inverse transformer found
2020-08-01 17:43:08,932:INFO:Compiling Metrics
2020-08-01 17:43:08,938:INFO:Initializing Fold 9
2020-08-01 17:43:08,946:INFO:Fitting Model
2020-08-01 17:43:09,386:INFO:Evaluating Metrics
2020-08-01 17:43:09,393:INFO:No inverse transformer found
2020-08-01 17:43:09,393:INFO:Compiling Metrics
2020-08-01 17:43:09,399:INFO:Initializing Fold 10
2020-08-01 17:43:09,404:INFO:Fitting Model
2020-08-01 17:43:09,829:INFO:Evaluating Metrics
2020-08-01 17:43:09,836:INFO:No inverse transformer found
2020-08-01 17:43:09,836:INFO:Compiling Metrics
2020-08-01 17:43:09,842:INFO:Calculating mean and std
2020-08-01 17:43:09,842:INFO:Creating metrics dataframe
2020-08-01 17:43:09,853:INFO:Initializing Gradient Boosting Regressor
2020-08-01 17:43:09,858:INFO:Initializing Fold 1
2020-08-01 17:43:09,868:INFO:Fitting Model
2020-08-01 17:43:10,469:INFO:Evaluating Metrics
2020-08-01 17:43:10,472:INFO:No inverse transformer found
2020-08-01 17:43:10,472:INFO:Compiling Metrics
2020-08-01 17:43:10,479:INFO:Initializing Fold 2
2020-08-01 17:43:10,488:INFO:Fitting Model
2020-08-01 17:43:11,117:INFO:Evaluating Metrics
2020-08-01 17:43:11,120:INFO:No inverse transformer found
2020-08-01 17:43:11,120:INFO:Compiling Metrics
2020-08-01 17:43:11,126:INFO:Initializing Fold 3
2020-08-01 17:43:11,131:INFO:Fitting Model
2020-08-01 17:43:11,734:INFO:Evaluating Metrics
2020-08-01 17:43:11,737:INFO:No inverse transformer found
2020-08-01 17:43:11,737:INFO:Compiling Metrics
2020-08-01 17:43:11,743:INFO:Initializing Fold 4
2020-08-01 17:43:11,748:INFO:Fitting Model
2020-08-01 17:43:12,323:INFO:Evaluating Metrics
2020-08-01 17:43:12,326:INFO:No inverse transformer found
2020-08-01 17:43:12,326:INFO:Compiling Metrics
2020-08-01 17:43:12,331:INFO:Initializing Fold 5
2020-08-01 17:43:12,336:INFO:Fitting Model
2020-08-01 17:43:12,909:INFO:Evaluating Metrics
2020-08-01 17:43:12,912:INFO:No inverse transformer found
2020-08-01 17:43:12,912:INFO:Compiling Metrics
2020-08-01 17:43:12,917:INFO:Initializing Fold 6
2020-08-01 17:43:12,923:INFO:Fitting Model
2020-08-01 17:43:13,490:INFO:Evaluating Metrics
2020-08-01 17:43:13,493:INFO:No inverse transformer found
2020-08-01 17:43:13,493:INFO:Compiling Metrics
2020-08-01 17:43:13,498:INFO:Initializing Fold 7
2020-08-01 17:43:13,504:INFO:Fitting Model
2020-08-01 17:43:14,070:INFO:Evaluating Metrics
2020-08-01 17:43:14,073:INFO:No inverse transformer found
2020-08-01 17:43:14,073:INFO:Compiling Metrics
2020-08-01 17:43:14,078:INFO:Initializing Fold 8
2020-08-01 17:43:14,083:INFO:Fitting Model
2020-08-01 17:43:14,653:INFO:Evaluating Metrics
2020-08-01 17:43:14,656:INFO:No inverse transformer found
2020-08-01 17:43:14,656:INFO:Compiling Metrics
2020-08-01 17:43:14,661:INFO:Initializing Fold 9
2020-08-01 17:43:14,666:INFO:Fitting Model
2020-08-01 17:43:15,245:INFO:Evaluating Metrics
2020-08-01 17:43:15,248:INFO:No inverse transformer found
2020-08-01 17:43:15,248:INFO:Compiling Metrics
2020-08-01 17:43:15,253:INFO:Initializing Fold 10
2020-08-01 17:43:15,259:INFO:Fitting Model
2020-08-01 17:43:15,828:INFO:Evaluating Metrics
2020-08-01 17:43:15,830:INFO:No inverse transformer found
2020-08-01 17:43:15,830:INFO:Compiling Metrics
2020-08-01 17:43:15,836:INFO:Calculating mean and std
2020-08-01 17:43:15,836:INFO:Creating metrics dataframe
2020-08-01 17:43:15,847:INFO:Initializing Extreme Gradient Boosting
2020-08-01 17:43:15,851:INFO:Initializing Fold 1
2020-08-01 17:43:15,857:INFO:Fitting Model
2020-08-01 17:43:17,558:INFO:Evaluating Metrics
2020-08-01 17:43:17,561:INFO:No inverse transformer found
2020-08-01 17:43:17,561:INFO:Compiling Metrics
2020-08-01 17:43:17,569:INFO:Initializing Fold 2
2020-08-01 17:43:17,578:INFO:Fitting Model
2020-08-01 17:43:17,749:INFO:Evaluating Metrics
2020-08-01 17:43:17,751:INFO:No inverse transformer found
2020-08-01 17:43:17,751:INFO:Compiling Metrics
2020-08-01 17:43:17,759:INFO:Initializing Fold 3
2020-08-01 17:43:17,767:INFO:Fitting Model
2020-08-01 17:43:17,936:INFO:Evaluating Metrics
2020-08-01 17:43:17,938:INFO:No inverse transformer found
2020-08-01 17:43:17,938:INFO:Compiling Metrics
2020-08-01 17:43:17,947:INFO:Initializing Fold 4
2020-08-01 17:43:17,955:INFO:Fitting Model
2020-08-01 17:43:18,108:INFO:Evaluating Metrics
2020-08-01 17:43:18,110:INFO:No inverse transformer found
2020-08-01 17:43:18,110:INFO:Compiling Metrics
2020-08-01 17:43:18,117:INFO:Initializing Fold 5
2020-08-01 17:43:18,124:INFO:Fitting Model
2020-08-01 17:43:18,270:INFO:Evaluating Metrics
2020-08-01 17:43:18,272:INFO:No inverse transformer found
2020-08-01 17:43:18,272:INFO:Compiling Metrics
2020-08-01 17:43:18,280:INFO:Initializing Fold 6
2020-08-01 17:43:18,288:INFO:Fitting Model
2020-08-01 17:43:18,427:INFO:Evaluating Metrics
2020-08-01 17:43:18,429:INFO:No inverse transformer found
2020-08-01 17:43:18,429:INFO:Compiling Metrics
2020-08-01 17:43:18,437:INFO:Initializing Fold 7
2020-08-01 17:43:18,444:INFO:Fitting Model
2020-08-01 17:43:18,588:INFO:Evaluating Metrics
2020-08-01 17:43:18,589:INFO:No inverse transformer found
2020-08-01 17:43:18,589:INFO:Compiling Metrics
2020-08-01 17:43:18,597:INFO:Initializing Fold 8
2020-08-01 17:43:18,604:INFO:Fitting Model
2020-08-01 17:43:18,748:INFO:Evaluating Metrics
2020-08-01 17:43:18,750:INFO:No inverse transformer found
2020-08-01 17:43:18,750:INFO:Compiling Metrics
2020-08-01 17:43:18,758:INFO:Initializing Fold 9
2020-08-01 17:43:18,765:INFO:Fitting Model
2020-08-01 17:43:18,916:INFO:Evaluating Metrics
2020-08-01 17:43:18,918:INFO:No inverse transformer found
2020-08-01 17:43:18,918:INFO:Compiling Metrics
2020-08-01 17:43:18,925:INFO:Initializing Fold 10
2020-08-01 17:43:18,933:INFO:Fitting Model
2020-08-01 17:43:19,076:INFO:Evaluating Metrics
2020-08-01 17:43:19,078:INFO:No inverse transformer found
2020-08-01 17:43:19,078:INFO:Compiling Metrics
2020-08-01 17:43:19,085:INFO:Calculating mean and std
2020-08-01 17:43:19,085:INFO:Creating metrics dataframe
2020-08-01 17:43:19,104:INFO:Initializing Light Gradient Boosting Machine
2020-08-01 17:43:19,110:INFO:Initializing Fold 1
2020-08-01 17:43:19,118:INFO:Fitting Model
2020-08-01 17:43:19,211:INFO:Evaluating Metrics
2020-08-01 17:43:19,214:INFO:No inverse transformer found
2020-08-01 17:43:19,214:INFO:Compiling Metrics
2020-08-01 17:43:19,222:INFO:Initializing Fold 2
2020-08-01 17:43:19,229:INFO:Fitting Model
2020-08-01 17:43:19,318:INFO:Evaluating Metrics
2020-08-01 17:43:19,322:INFO:No inverse transformer found
2020-08-01 17:43:19,322:INFO:Compiling Metrics
2020-08-01 17:43:19,330:INFO:Initializing Fold 3
2020-08-01 17:43:19,338:INFO:Fitting Model
2020-08-01 17:43:19,433:INFO:Evaluating Metrics
2020-08-01 17:43:19,436:INFO:No inverse transformer found
2020-08-01 17:43:19,437:INFO:Compiling Metrics
2020-08-01 17:43:19,444:INFO:Initializing Fold 4
2020-08-01 17:43:19,452:INFO:Fitting Model
2020-08-01 17:43:19,543:INFO:Evaluating Metrics
2020-08-01 17:43:19,545:INFO:No inverse transformer found
2020-08-01 17:43:19,546:INFO:Compiling Metrics
2020-08-01 17:43:19,554:INFO:Initializing Fold 5
2020-08-01 17:43:19,561:INFO:Fitting Model
2020-08-01 17:43:19,651:INFO:Evaluating Metrics
2020-08-01 17:43:19,654:INFO:No inverse transformer found
2020-08-01 17:43:19,654:INFO:Compiling Metrics
2020-08-01 17:43:19,661:INFO:Initializing Fold 6
2020-08-01 17:43:19,668:INFO:Fitting Model
2020-08-01 17:43:19,761:INFO:Evaluating Metrics
2020-08-01 17:43:19,764:INFO:No inverse transformer found
2020-08-01 17:43:19,764:INFO:Compiling Metrics
2020-08-01 17:43:19,772:INFO:Initializing Fold 7
2020-08-01 17:43:19,779:INFO:Fitting Model
2020-08-01 17:43:19,865:INFO:Evaluating Metrics
2020-08-01 17:43:19,868:INFO:No inverse transformer found
2020-08-01 17:43:19,868:INFO:Compiling Metrics
2020-08-01 17:43:19,876:INFO:Initializing Fold 8
2020-08-01 17:43:19,883:INFO:Fitting Model
2020-08-01 17:43:19,975:INFO:Evaluating Metrics
2020-08-01 17:43:19,978:INFO:No inverse transformer found
2020-08-01 17:43:19,978:INFO:Compiling Metrics
2020-08-01 17:43:19,985:INFO:Initializing Fold 9
2020-08-01 17:43:19,993:INFO:Fitting Model
2020-08-01 17:43:20,083:INFO:Evaluating Metrics
2020-08-01 17:43:20,086:INFO:No inverse transformer found
2020-08-01 17:43:20,086:INFO:Compiling Metrics
2020-08-01 17:43:20,095:INFO:Initializing Fold 10
2020-08-01 17:43:20,102:INFO:Fitting Model
2020-08-01 17:43:20,191:INFO:Evaluating Metrics
2020-08-01 17:43:20,194:INFO:No inverse transformer found
2020-08-01 17:43:20,194:INFO:Compiling Metrics
2020-08-01 17:43:20,202:INFO:Calculating mean and std
2020-08-01 17:43:20,202:INFO:Creating metrics dataframe
2020-08-01 17:43:20,220:INFO:Initializing CatBoost Regressor
2020-08-01 17:43:20,226:INFO:Initializing Fold 1
2020-08-01 17:43:20,233:INFO:Fitting Model
2020-08-01 17:43:23,160:INFO:Evaluating Metrics
2020-08-01 17:43:23,167:INFO:No inverse transformer found
2020-08-01 17:43:23,167:INFO:Compiling Metrics
2020-08-01 17:43:23,173:INFO:Initializing Fold 2
2020-08-01 17:43:23,179:INFO:Fitting Model
2020-08-01 17:43:25,803:INFO:Evaluating Metrics
2020-08-01 17:43:25,809:INFO:No inverse transformer found
2020-08-01 17:43:25,809:INFO:Compiling Metrics
2020-08-01 17:43:25,817:INFO:Initializing Fold 3
2020-08-01 17:43:25,825:INFO:Fitting Model
2020-08-01 17:43:28,961:INFO:Evaluating Metrics
2020-08-01 17:43:28,965:INFO:No inverse transformer found
2020-08-01 17:43:28,965:INFO:Compiling Metrics
2020-08-01 17:43:28,971:INFO:Initializing Fold 4
2020-08-01 17:43:28,977:INFO:Fitting Model
2020-08-01 17:43:31,894:INFO:Evaluating Metrics
2020-08-01 17:43:31,898:INFO:No inverse transformer found
2020-08-01 17:43:31,898:INFO:Compiling Metrics
2020-08-01 17:43:31,904:INFO:Initializing Fold 5
2020-08-01 17:43:31,910:INFO:Fitting Model
2020-08-01 17:43:34,659:INFO:Evaluating Metrics
2020-08-01 17:43:34,663:INFO:No inverse transformer found
2020-08-01 17:43:34,664:INFO:Compiling Metrics
2020-08-01 17:43:34,669:INFO:Initializing Fold 6
2020-08-01 17:43:34,675:INFO:Fitting Model
2020-08-01 17:43:37,279:INFO:Evaluating Metrics
2020-08-01 17:43:37,285:INFO:No inverse transformer found
2020-08-01 17:43:37,285:INFO:Compiling Metrics
2020-08-01 17:43:37,293:INFO:Initializing Fold 7
2020-08-01 17:43:37,301:INFO:Fitting Model
2020-08-01 17:43:39,683:INFO:Evaluating Metrics
2020-08-01 17:43:39,686:INFO:No inverse transformer found
2020-08-01 17:43:39,686:INFO:Compiling Metrics
2020-08-01 17:43:39,692:INFO:Initializing Fold 8
2020-08-01 17:43:39,697:INFO:Fitting Model
2020-08-01 17:43:42,289:INFO:Evaluating Metrics
2020-08-01 17:43:42,293:INFO:No inverse transformer found
2020-08-01 17:43:42,293:INFO:Compiling Metrics
2020-08-01 17:43:42,299:INFO:Initializing Fold 9
2020-08-01 17:43:42,305:INFO:Fitting Model
2020-08-01 17:43:44,621:INFO:Evaluating Metrics
2020-08-01 17:43:44,625:INFO:No inverse transformer found
2020-08-01 17:43:44,625:INFO:Compiling Metrics
2020-08-01 17:43:44,631:INFO:Initializing Fold 10
2020-08-01 17:43:44,638:INFO:Fitting Model
2020-08-01 17:43:46,923:INFO:Evaluating Metrics
2020-08-01 17:43:46,926:INFO:No inverse transformer found
2020-08-01 17:43:46,926:INFO:Compiling Metrics
2020-08-01 17:43:46,932:INFO:Calculating mean and std
2020-08-01 17:43:46,932:INFO:Creating metrics dataframe
2020-08-01 17:43:46,953:INFO:Finalizing top_n models
2020-08-01 17:43:46,953:INFO:SubProcess create_model() called ==================================
2020-08-01 17:43:46,958:INFO:Initializing create_model()
2020-08-01 17:43:46,958:INFO:create_model(estimator=catboost, ensemble=False, method=None, fold=10, round=4, cross_validation=True, verbose=False, system=False)
2020-08-01 17:43:46,958:INFO:Checking exceptions
2020-08-01 17:43:46,958:INFO:Preloading libraries
2020-08-01 17:43:46,958:INFO:Preparing display monitor
2020-08-01 17:43:46,966:INFO:Copying training dataset
2020-08-01 17:43:46,968:INFO:Importing libraries
2020-08-01 17:43:46,969:INFO:Defining folds
2020-08-01 17:43:46,969:INFO:Declaring metric variables
2020-08-01 17:43:46,970:INFO:CatBoost Regressor Imported succesfully
2020-08-01 17:43:46,971:INFO:Checking ensemble method
2020-08-01 17:43:46,971:INFO:Initializing Fold 1
2020-08-01 17:43:46,974:INFO:Fitting Model
2020-08-01 17:43:49,429:INFO:Evaluating Metrics
2020-08-01 17:43:49,434:INFO:No inverse transformation
2020-08-01 17:43:49,435:INFO:Compiling Metrics
2020-08-01 17:43:49,442:INFO:Initializing Fold 2
2020-08-01 17:43:49,445:INFO:Fitting Model
2020-08-01 17:43:51,918:INFO:Evaluating Metrics
2020-08-01 17:43:51,921:INFO:No inverse transformation
2020-08-01 17:43:51,921:INFO:Compiling Metrics
2020-08-01 17:43:51,926:INFO:Initializing Fold 3
2020-08-01 17:43:51,928:INFO:Fitting Model
2020-08-01 17:43:54,247:INFO:Evaluating Metrics
2020-08-01 17:43:54,250:INFO:No inverse transformation
2020-08-01 17:43:54,250:INFO:Compiling Metrics
2020-08-01 17:43:54,256:INFO:Initializing Fold 4
2020-08-01 17:43:54,257:INFO:Fitting Model
2020-08-01 17:43:56,607:INFO:Evaluating Metrics
2020-08-01 17:43:56,610:INFO:No inverse transformation
2020-08-01 17:43:56,610:INFO:Compiling Metrics
2020-08-01 17:43:56,616:INFO:Initializing Fold 5
2020-08-01 17:43:56,617:INFO:Fitting Model
2020-08-01 17:43:59,269:INFO:Evaluating Metrics
2020-08-01 17:43:59,272:INFO:No inverse transformation
2020-08-01 17:43:59,272:INFO:Compiling Metrics
2020-08-01 17:43:59,277:INFO:Initializing Fold 6
2020-08-01 17:43:59,279:INFO:Fitting Model
2020-08-01 17:44:01,659:INFO:Evaluating Metrics
2020-08-01 17:44:01,663:INFO:No inverse transformation
2020-08-01 17:44:01,663:INFO:Compiling Metrics
2020-08-01 17:44:01,668:INFO:Initializing Fold 7
2020-08-01 17:44:01,670:INFO:Fitting Model
2020-08-01 17:44:03,879:INFO:Evaluating Metrics
2020-08-01 17:44:03,883:INFO:No inverse transformation
2020-08-01 17:44:03,883:INFO:Compiling Metrics
2020-08-01 17:44:03,888:INFO:Initializing Fold 8
2020-08-01 17:44:03,890:INFO:Fitting Model
2020-08-01 17:44:06,144:INFO:Evaluating Metrics
2020-08-01 17:44:06,148:INFO:No inverse transformation
2020-08-01 17:44:06,148:INFO:Compiling Metrics
2020-08-01 17:44:06,153:INFO:Initializing Fold 9
2020-08-01 17:44:06,155:INFO:Fitting Model
2020-08-01 17:44:08,659:INFO:Evaluating Metrics
2020-08-01 17:44:08,663:INFO:No inverse transformation
2020-08-01 17:44:08,663:INFO:Compiling Metrics
2020-08-01 17:44:08,669:INFO:Initializing Fold 10
2020-08-01 17:44:08,671:INFO:Fitting Model
2020-08-01 17:44:11,325:INFO:Evaluating Metrics
2020-08-01 17:44:11,328:INFO:No inverse transformation
2020-08-01 17:44:11,328:INFO:Compiling Metrics
2020-08-01 17:44:11,333:INFO:Calculating mean and std
2020-08-01 17:44:11,334:INFO:Creating metrics dataframe
2020-08-01 17:44:11,336:INFO:Finalizing model
2020-08-01 17:44:13,877:INFO:Uploading results into container
2020-08-01 17:44:13,877:INFO:Uploading model into container
2020-08-01 17:44:13,877:INFO:create_model_container: 1
2020-08-01 17:44:13,878:INFO:master_model_container: 1
2020-08-01 17:44:13,878:INFO:display_container: 1
2020-08-01 17:44:13,878:INFO:<catboost.core.CatBoostRegressor object at 0x00000232B00BF430>
2020-08-01 17:44:13,878:INFO:create_model() succesfully completed......................................
2020-08-01 17:44:13,878:INFO:SubProcess create_model() end ==================================
2020-08-01 17:44:13,941:INFO:create_model_container: 1
2020-08-01 17:44:13,942:INFO:master_model_container: 1
2020-08-01 17:44:13,942:INFO:display_container: 2
2020-08-01 17:44:13,942:INFO:<catboost.core.CatBoostRegressor object at 0x00000232B00BF430>
2020-08-01 17:44:13,942:INFO:compare_models() succesfully completed......................................
2020-08-01 18:11:08,327:INFO:PyCaret Regression Module
2020-08-01 18:11:08,327:INFO:version 2.0
2020-08-01 18:11:08,328:INFO:Initializing setup()
2020-08-01 18:11:08,328:INFO:USI: 0046
2020-08-01 18:11:08,328:INFO:setup(data=(10000, 10), target=Efficiency in %, train_size=0.7, sampling=True, sample_estimator=None, categorical_features=None, categorical_imputation=constant, ordinal_features=None,
                    high_cardinality_features=None, high_cardinality_method=frequency, numeric_features=None, numeric_imputation=mean, date_features=None, ignore_features=None, normalize=False,
                    normalize_method=zscore, transformation=False, transformation_method=yeo-johnson, handle_unknown_categorical=True, unknown_categorical_method=least_frequent, pca=False, pca_method=linear,
                    pca_components=None, ignore_low_variance=False, combine_rare_levels=False, rare_level_threshold=0.1, bin_numeric_features=None, remove_outliers=False, outliers_threshold=0.05,
                    remove_multicollinearity=False, multicollinearity_threshold=0.9, remove_perfect_collinearity=False, create_clusters=False, cluster_iter=20,
                    polynomial_features=False, polynomial_degree=2, trigonometry_features=False, polynomial_threshold=0.1, group_features=None,
                    group_names=None, feature_selection=False, feature_selection_threshold=0.8, feature_interaction=False, feature_ratio=False, interaction_threshold=0.01, transform_target=False,
                    transform_target_method=box-cox, data_split_shuffle=True, folds_shuffle=False, n_jobs=-1, html=True, session_id=None, log_experiment=False,
                    experiment_name=None, log_plots=False, log_profile=False, log_data=False, silent=False, verbose=True, profile=False)
2020-08-01 18:11:08,328:INFO:Checking environment
2020-08-01 18:11:08,328:INFO:python_version: 3.8.3
2020-08-01 18:11:08,328:INFO:python_build: ('default', 'Jul  2 2020 17:30:36')
2020-08-01 18:11:08,328:INFO:machine: AMD64
2020-08-01 18:11:08,328:INFO:platform: Windows-10-10.0.18362-SP0
2020-08-01 18:11:08,329:WARNING:cannot find psutil installation. memory not traceable. Install psutil using pip to enable memory logging. 
2020-08-01 18:11:08,329:INFO:Checking libraries
2020-08-01 18:11:08,329:INFO:pd==1.0.5
2020-08-01 18:11:08,329:INFO:numpy==1.19.1
2020-08-01 18:11:08,684:INFO:sklearn==0.23.1
2020-08-01 18:11:08,721:INFO:xgboost==0.90
2020-08-01 18:11:08,735:INFO:lightgbm==2.3.1
2020-08-01 18:11:08,774:INFO:catboost==0.20.2
2020-08-01 18:11:09,683:INFO:mlflow==1.10.0
2020-08-01 18:11:09,683:INFO:Checking Exceptions
2020-08-01 18:11:09,684:INFO:Preloading libraries
2020-08-01 18:11:09,684:INFO:Preparing display monitor
2020-08-01 18:11:09,693:INFO:Importing libraries
2020-08-01 18:11:10,352:INFO:Copying data for preprocessing
2020-08-01 18:11:10,353:INFO:Declaring global variables
2020-08-01 18:11:10,356:INFO:Declaring preprocessing parameters
2020-08-01 18:11:10,357:INFO:Importing preprocessing module
2020-08-01 18:11:10,934:INFO:Creating preprocessing pipeline
2020-08-01 18:11:23,247:INFO:Preprocessing pipeline created successfully
2020-08-01 18:11:23,247:INFO:No inverse transformer found
2020-08-01 18:11:23,247:INFO:Creating grid variables
2020-08-01 18:11:23,249:INFO:Creating global containers
2020-08-01 18:11:23,321:INFO:create_model_container: 0
2020-08-01 18:11:23,321:INFO:master_model_container: 0
2020-08-01 18:11:23,321:INFO:display_container: 0
2020-08-01 18:11:23,321:INFO:setup() succesfully completed......................................
2020-08-01 18:12:00,865:INFO:PyCaret Regression Module
2020-08-01 18:12:00,865:INFO:version 2.0
2020-08-01 18:12:00,865:INFO:Initializing setup()
2020-08-01 18:12:00,866:INFO:USI: 8a72
2020-08-01 18:12:00,866:INFO:setup(data=(10000, 8), target=Efficiency in %, train_size=0.7, sampling=True, sample_estimator=None, categorical_features=None, categorical_imputation=constant, ordinal_features=None,
                    high_cardinality_features=None, high_cardinality_method=frequency, numeric_features=None, numeric_imputation=mean, date_features=None, ignore_features=None, normalize=False,
                    normalize_method=zscore, transformation=False, transformation_method=yeo-johnson, handle_unknown_categorical=True, unknown_categorical_method=least_frequent, pca=False, pca_method=linear,
                    pca_components=None, ignore_low_variance=False, combine_rare_levels=False, rare_level_threshold=0.1, bin_numeric_features=None, remove_outliers=False, outliers_threshold=0.05,
                    remove_multicollinearity=False, multicollinearity_threshold=0.9, remove_perfect_collinearity=False, create_clusters=False, cluster_iter=20,
                    polynomial_features=False, polynomial_degree=2, trigonometry_features=False, polynomial_threshold=0.1, group_features=None,
                    group_names=None, feature_selection=False, feature_selection_threshold=0.8, feature_interaction=False, feature_ratio=False, interaction_threshold=0.01, transform_target=False,
                    transform_target_method=box-cox, data_split_shuffle=True, folds_shuffle=False, n_jobs=-1, html=True, session_id=None, log_experiment=False,
                    experiment_name=None, log_plots=False, log_profile=False, log_data=False, silent=False, verbose=True, profile=False)
2020-08-01 18:12:00,866:INFO:Checking environment
2020-08-01 18:12:00,866:INFO:python_version: 3.8.3
2020-08-01 18:12:00,866:INFO:python_build: ('default', 'Jul  2 2020 17:30:36')
2020-08-01 18:12:00,866:INFO:machine: AMD64
2020-08-01 18:12:00,866:INFO:platform: Windows-10-10.0.18362-SP0
2020-08-01 18:12:00,867:WARNING:cannot find psutil installation. memory not traceable. Install psutil using pip to enable memory logging. 
2020-08-01 18:12:00,867:INFO:Checking libraries
2020-08-01 18:12:00,867:INFO:pd==1.0.5
2020-08-01 18:12:00,867:INFO:numpy==1.19.1
2020-08-01 18:12:00,867:INFO:sklearn==0.23.1
2020-08-01 18:12:00,868:INFO:xgboost==0.90
2020-08-01 18:12:00,868:INFO:lightgbm==2.3.1
2020-08-01 18:12:00,868:INFO:catboost==0.20.2
2020-08-01 18:12:00,868:INFO:mlflow==1.10.0
2020-08-01 18:12:00,868:INFO:Checking Exceptions
2020-08-01 18:12:00,868:INFO:Preloading libraries
2020-08-01 18:12:00,868:INFO:Preparing display monitor
2020-08-01 18:12:00,878:INFO:Importing libraries
2020-08-01 18:12:00,887:INFO:Copying data for preprocessing
2020-08-01 18:12:00,887:INFO:Declaring global variables
2020-08-01 18:12:00,891:INFO:Declaring preprocessing parameters
2020-08-01 18:12:00,892:INFO:Importing preprocessing module
2020-08-01 18:12:00,892:INFO:Creating preprocessing pipeline
